This is XeTeX, Version 3.141592653-2.6-0.999996 (TeX Live 2024) (preloaded format=xelatex 2024.11.1)  13 DEC 2024 11:41
entering extended mode
 restricted \write18 enabled.
 %&-line parsing enabled.
**lab5bio.tex
(./lab5bio.tex
LaTeX2e <2024-06-01> patch level 2
L3 programming layer <2024-10-09>

! LaTeX Error: File `article.cls' not found.

Type X to quit or <RETURN> to proceed,
or enter new name. (Default extension: cls)

Enter file name: 
! Emergency stop.
<read *> 
         
l.7 \usepackage
               {amsmath,amssymb}^^M 
Here is how much of TeX's memory you used:
 24 strings out of 476231
 441 string characters out of 5784969
 375890 words of memory out of 5000000
 22686 multiletter control sequences out of 15000+600000
 558069 words of font info for 36 fonts, out of 8000000 for 9000
 14 hyphenation exceptions out of 8191
 19i,0n,29p,87b,17s stack positions out of 10000i,1000n,20000p,200000b,200000s

No pages of output.
